<?xml version="1.0" encoding="utf-8"?><testsuites name="pytest tests"><testsuite name="pytest" errors="5" failures="0" skipped="0" tests="5" time="3.070" timestamp="2025-06-19T12:43:42.043301-07:00" hostname="Georges-iMac.local"><testcase classname="" name="tests.rag.test_api_endpoints" time="0.000"><error message="collection failure">ImportError while importing test module '/Users/georgewohlleb/Desktop/CHARLY_TEST/tests/rag/test_api_endpoints.py'.
Hint: make sure your test modules/packages have valid Python names.
Traceback:
/Library/Frameworks/Python.framework/Versions/3.13/lib/python3.13/importlib/__init__.py:88: in import_module
    return _bootstrap._gcd_import(name[level:], package, level)
           ^^^^^^^^^^^^^^^^^^^^^^^^^^^^^^^^^^^^^^^^^^^^^^^^^^^^
tests/rag/__init__.py:13: in &lt;module&gt;
    from .test_core_infrastructure import *
tests/rag/test_core_infrastructure.py:20: in &lt;module&gt;
    from charly_rag.vector_store import VectorStore
E   ModuleNotFoundError: No module named 'charly_rag'</error></testcase><testcase classname="" name="tests.rag.test_core_infrastructure" time="0.000"><error message="collection failure">ImportError while importing test module '/Users/georgewohlleb/Desktop/CHARLY_TEST/tests/rag/test_core_infrastructure.py'.
Hint: make sure your test modules/packages have valid Python names.
Traceback:
/Library/Frameworks/Python.framework/Versions/3.13/lib/python3.13/importlib/__init__.py:88: in import_module
    return _bootstrap._gcd_import(name[level:], package, level)
           ^^^^^^^^^^^^^^^^^^^^^^^^^^^^^^^^^^^^^^^^^^^^^^^^^^^^
tests/rag/__init__.py:13: in &lt;module&gt;
    from .test_core_infrastructure import *
tests/rag/test_core_infrastructure.py:20: in &lt;module&gt;
    from charly_rag.vector_store import VectorStore
E   ModuleNotFoundError: No module named 'charly_rag'</error></testcase><testcase classname="" name="tests.rag.test_integration" time="0.000"><error message="collection failure">ImportError while importing test module '/Users/georgewohlleb/Desktop/CHARLY_TEST/tests/rag/test_integration.py'.
Hint: make sure your test modules/packages have valid Python names.
Traceback:
/Library/Frameworks/Python.framework/Versions/3.13/lib/python3.13/importlib/__init__.py:88: in import_module
    return _bootstrap._gcd_import(name[level:], package, level)
           ^^^^^^^^^^^^^^^^^^^^^^^^^^^^^^^^^^^^^^^^^^^^^^^^^^^^
tests/rag/__init__.py:13: in &lt;module&gt;
    from .test_core_infrastructure import *
tests/rag/test_core_infrastructure.py:20: in &lt;module&gt;
    from charly_rag.vector_store import VectorStore
E   ModuleNotFoundError: No module named 'charly_rag'</error></testcase><testcase classname="" name="tests.rag.test_performance" time="0.000"><error message="collection failure">ImportError while importing test module '/Users/georgewohlleb/Desktop/CHARLY_TEST/tests/rag/test_performance.py'.
Hint: make sure your test modules/packages have valid Python names.
Traceback:
/Library/Frameworks/Python.framework/Versions/3.13/lib/python3.13/importlib/__init__.py:88: in import_module
    return _bootstrap._gcd_import(name[level:], package, level)
           ^^^^^^^^^^^^^^^^^^^^^^^^^^^^^^^^^^^^^^^^^^^^^^^^^^^^
tests/rag/__init__.py:13: in &lt;module&gt;
    from .test_core_infrastructure import *
tests/rag/test_core_infrastructure.py:20: in &lt;module&gt;
    from charly_rag.vector_store import VectorStore
E   ModuleNotFoundError: No module named 'charly_rag'</error></testcase><testcase classname="" name="tests.rag.test_prompt_engineering" time="0.000"><error message="collection failure">ImportError while importing test module '/Users/georgewohlleb/Desktop/CHARLY_TEST/tests/rag/test_prompt_engineering.py'.
Hint: make sure your test modules/packages have valid Python names.
Traceback:
/Library/Frameworks/Python.framework/Versions/3.13/lib/python3.13/importlib/__init__.py:88: in import_module
    return _bootstrap._gcd_import(name[level:], package, level)
           ^^^^^^^^^^^^^^^^^^^^^^^^^^^^^^^^^^^^^^^^^^^^^^^^^^^^
tests/rag/__init__.py:13: in &lt;module&gt;
    from .test_core_infrastructure import *
tests/rag/test_core_infrastructure.py:20: in &lt;module&gt;
    from charly_rag.vector_store import VectorStore
E   ModuleNotFoundError: No module named 'charly_rag'</error></testcase></testsuite></testsuites>